<?xml version="1.0" encoding="UTF-8"?>
<!-- Generated by org.testng.reporters.JUnitReportReporter -->
<testsuite skipped="9" hostname="WEB-SANTOSHB" name="in.dishtv.Website_dishtv.Website_dishtvloginLogoutTest" tests="10" failures="0" timestamp="18 Feb 2019 12:19:39 GMT" time="0.000" errors="1">
  <testcase name="launchBrowser" time="0.000" classname="in.dishtv.Website_dishtv.Website_dishtvloginLogoutTest">
    <error type="org.testng.TestNGException" message="
Parameter &#039;browser&#039; is required by BeforeSuite on method launchBrowser but has not been marked @Optional or defined
in C:\Users\santosh_b\AppData\Local\Temp\testng-eclipse-743895226\testng-customsuite.xml">
      <![CDATA[org.testng.TestNGException: 
Parameter 'browser' is required by BeforeSuite on method launchBrowser but has not been marked @Optional or defined
in C:\Users\santosh_b\AppData\Local\Temp\testng-eclipse-743895226\testng-customsuite.xml
at org.testng.internal.Parameters.createParams(Parameters.java:290)
at org.testng.internal.Parameters.createParametersForMethod(Parameters.java:359)
at org.testng.internal.Parameters.createParameters(Parameters.java:620)
at org.testng.internal.Parameters.createConfigurationParameters(Parameters.java:190)
at org.testng.internal.Invoker.invokeConfigurations(Invoker.java:209)
at org.testng.internal.Invoker.invokeConfigurations(Invoker.java:142)
at org.testng.SuiteRunner.privateRun(SuiteRunner.java:401)
at org.testng.SuiteRunner.run(SuiteRunner.java:364)
at org.testng.SuiteRunnerWorker.runSuite(SuiteRunnerWorker.java:52)
at org.testng.SuiteRunnerWorker.run(SuiteRunnerWorker.java:84)
at org.testng.TestNG.runSuitesSequentially(TestNG.java:1208)
at org.testng.TestNG.runSuitesLocally(TestNG.java:1137)
at org.testng.TestNG.runSuites(TestNG.java:1049)
at org.testng.TestNG.run(TestNG.java:1017)
at org.testng.remote.AbstractRemoteTestNG.run(AbstractRemoteTestNG.java:114)
at org.testng.remote.RemoteTestNG.initAndRun(RemoteTestNG.java:251)
at org.testng.remote.RemoteTestNG.main(RemoteTestNG.java:77)
]]>
    </error>
  </testcase> <!-- launchBrowser -->
  <testcase name="Website_Click_on_SUBSCRIBER_CORNER_001" time="0.000" classname="in.dishtv.Website_dishtv.Website_dishtvloginLogoutTest">
    <skipped/>
  </testcase> <!-- Website_Click_on_SUBSCRIBER_CORNER_001 -->
  <testcase name="Website_To_Check_Title_002" time="0.000" classname="in.dishtv.Website_dishtv.Website_dishtvloginLogoutTest">
    <skipped/>
  </testcase> <!-- Website_To_Check_Title_002 -->
  <testcase name="Website_login_window_Open_003" time="0.000" classname="in.dishtv.Website_dishtv.Website_dishtvloginLogoutTest">
    <skipped/>
  </testcase> <!-- Website_login_window_Open_003 -->
  <testcase name="Website_login_Feature_valid_Rmn_Valid_Pwd_004" time="0.000" classname="in.dishtv.Website_dishtv.Website_dishtvloginLogoutTest">
    <skipped/>
  </testcase> <!-- Website_login_Feature_valid_Rmn_Valid_Pwd_004 -->
  <testcase name="Website_login_Feature_valid_VC_Valid_Pwd_005" time="0.000" classname="in.dishtv.Website_dishtv.Website_dishtvloginLogoutTest">
    <skipped/>
  </testcase> <!-- Website_login_Feature_valid_VC_Valid_Pwd_005 -->
  <testcase name="WebsiteLoginBlankUseridBlankPassword_006" time="0.000" classname="in.dishtv.Website_dishtv.Website_dishtvloginLogoutTest">
    <skipped/>
  </testcase> <!-- WebsiteLoginBlankUseridBlankPassword_006 -->
  <testcase name="WebsiteLoginValidRmnInvalidPwd_007" time="0.000" classname="in.dishtv.Website_dishtv.Website_dishtvloginLogoutTest">
    <skipped/>
  </testcase> <!-- WebsiteLoginValidRmnInvalidPwd_007 -->
  <testcase name="WebsiteLoginValidVcInvalidPwd_008" time="0.000" classname="in.dishtv.Website_dishtv.Website_dishtvloginLogoutTest">
    <skipped/>
  </testcase> <!-- WebsiteLoginValidVcInvalidPwd_008 -->
  <testcase name="WebsiteLoginValidRmnBlankPwd_009" time="0.000" classname="in.dishtv.Website_dishtv.Website_dishtvloginLogoutTest">
    <skipped/>
  </testcase> <!-- WebsiteLoginValidRmnBlankPwd_009 -->
</testsuite> <!-- in.dishtv.Website_dishtv.Website_dishtvloginLogoutTest -->
