<?xml version="1.0" encoding="UTF-8"?>
<!-- Generated by org.testng.reporters.JUnitXMLReporter -->
<testsuite hostname="WEB-SANTOSHB" ignored="6" name="LoginLogouteasypay(failed)(failed)" tests="1" failures="1" timestamp="15 Feb 2019 08:19:45 GMT" time="12.975" errors="0">
  <testcase name="easyPay_Valid_Login_0001" time="12.359" classname="in.easypay.generictest.LoginLogouteasypaytest">
    <failure type="org.openqa.selenium.NoSuchElementException" message="no such element: Unable to locate element: {&amp;quot;method&amp;quot;:&amp;quot;xpath&amp;quot;,&amp;quot;selector&amp;quot;:&amp;quot;//*[@id=&amp;apos;RadMenu&amp;apos;]/ul/li[7]/a/span&amp;quot;}
  (Session info: chrome=72.0.3626.96)
  (Driver info: chromedriver=2.44.609538 (b655c5a60b0b544917107a59d4153d4bf78e1b90),platform=Windows NT 6.1.7601 SP1 x86_64) (WARNING: The server did not provide any stacktrace information)
Command duration or timeout: 13 milliseconds
For documentation on this error, please visit: http://seleniumhq.org/exceptions/no_such_element.html
Build info: version: &amp;apos;2.53.1&amp;apos;, revision: &amp;apos;a36b8b1&amp;apos;, time: &amp;apos;2016-06-30 17:32:46&amp;apos;
System info: host: &amp;apos;WEB-SANTOSHB&amp;apos;, ip: &amp;apos;10.65.8.157&amp;apos;, os.name: &amp;apos;Windows 7&amp;apos;, os.arch: &amp;apos;amd64&amp;apos;, os.version: &amp;apos;6.1&amp;apos;, java.version: &amp;apos;1.8.0_121&amp;apos;
Driver info: org.openqa.selenium.chrome.ChromeDriver
Capabilities [{mobileEmulationEnabled=false, hasTouchScreen=false, platform=XP, acceptSslCerts=false, goog:chromeOptions={debuggerAddress=localhost:63341}, acceptInsecureCerts=false, webStorageEnabled=true, browserName=chrome, takesScreenshot=true, javascriptEnabled=true, setWindowRect=true, unexpectedAlertBehaviour=ignore, applicationCacheEnabled=false, rotatable=false, networkConnectionEnabled=false, chrome={chromedriverVersion=2.44.609538 (b655c5a60b0b544917107a59d4153d4bf78e1b90), userDataDir=C:\Users\SANTOS~1\AppData\Local\Temp\scoped_dir12016_19283}, takesHeapSnapshot=true, pageLoadStrategy=normal, databaseEnabled=false, handlesAlerts=true, version=72.0.3626.96, browserConnectionEnabled=false, nativeEvents=true, locationContextEnabled=true, cssSelectorsEnabled=true}]
Session ID: 3e21df88cbfecac86f60b6db7e3a5a7c
*** Element info: {Using=xpath, value=//*[@id=&amp;apos;RadMenu&amp;apos;]/ul/li[7]/a/span}">
      <![CDATA[org.openqa.selenium.NoSuchElementException: no such element: Unable to locate element: {"method":"xpath","selector":"//*[@id='RadMenu']/ul/li[7]/a/span"}
  (Session info: chrome=72.0.3626.96)
  (Driver info: chromedriver=2.44.609538 (b655c5a60b0b544917107a59d4153d4bf78e1b90),platform=Windows NT 6.1.7601 SP1 x86_64) (WARNING: The server did not provide any stacktrace information)
Command duration or timeout: 13 milliseconds
For documentation on this error, please visit: http://seleniumhq.org/exceptions/no_such_element.html
Build info: version: '2.53.1', revision: 'a36b8b1', time: '2016-06-30 17:32:46'
System info: host: 'WEB-SANTOSHB', ip: '10.65.8.157', os.name: 'Windows 7', os.arch: 'amd64', os.version: '6.1', java.version: '1.8.0_121'
Driver info: org.openqa.selenium.chrome.ChromeDriver
Capabilities [{mobileEmulationEnabled=false, hasTouchScreen=false, platform=XP, acceptSslCerts=false, goog:chromeOptions={debuggerAddress=localhost:63341}, acceptInsecureCerts=false, webStorageEnabled=true, browserName=chrome, takesScreenshot=true, javascriptEnabled=true, setWindowRect=true, unexpectedAlertBehaviour=ignore, applicationCacheEnabled=false, rotatable=false, networkConnectionEnabled=false, chrome={chromedriverVersion=2.44.609538 (b655c5a60b0b544917107a59d4153d4bf78e1b90), userDataDir=C:\Users\SANTOS~1\AppData\Local\Temp\scoped_dir12016_19283}, takesHeapSnapshot=true, pageLoadStrategy=normal, databaseEnabled=false, handlesAlerts=true, version=72.0.3626.96, browserConnectionEnabled=false, nativeEvents=true, locationContextEnabled=true, cssSelectorsEnabled=true}]
Session ID: 3e21df88cbfecac86f60b6db7e3a5a7c
*** Element info: {Using=xpath, value=//*[@id='RadMenu']/ul/li[7]/a/span}
at org.openqa.selenium.remote.ErrorHandler.createThrowable(ErrorHandler.java:206)
at org.openqa.selenium.remote.ErrorHandler.throwIfResponseFailed(ErrorHandler.java:158)
at org.openqa.selenium.remote.RemoteWebDriver.execute(RemoteWebDriver.java:678)
at org.openqa.selenium.remote.RemoteWebDriver.findElement(RemoteWebDriver.java:363)
at org.openqa.selenium.remote.RemoteWebDriver.findElementByXPath(RemoteWebDriver.java:500)
at org.openqa.selenium.By$ByXPath.findElement(By.java:361)
at org.openqa.selenium.remote.RemoteWebDriver.findElement(RemoteWebDriver.java:355)
at org.openqa.selenium.support.pagefactory.DefaultElementLocator.findElement(DefaultElementLocator.java:69)
at org.openqa.selenium.support.pagefactory.internal.LocatingElementHandler.invoke(LocatingElementHandler.java:38)
at com.sun.proxy.$Proxy10.isDisplayed(Unknown Source)
at in.easypay.generictest.LoginLogouteasypaytest.easyPay_Valid_Login_0001(LoginLogouteasypaytest.java:25)
... Removed 29 stack frames]]>
    </failure>
  </testcase> <!-- easyPay_Valid_Login_0001 -->
  <testcase name="easyPay_Logout_0002" time="0.0" classname="in.easypay.generictest.LoginLogouteasypaytest">
    <ignored/>
  </testcase> <!-- easyPay_Logout_0002 -->
  <testcase name="easyPay_Invalid_UserID_0004" time="0.0" classname="in.easypay.generictest.LoginLogouteasypaytest">
    <ignored/>
  </testcase> <!-- easyPay_Invalid_UserID_0004 -->
  <testcase name="easypaylogin_UserName_BlankValidation_0006" time="0.0" classname="in.easypay.generictest.LoginLogouteasypaytest">
    <ignored/>
  </testcase> <!-- easypaylogin_UserName_BlankValidation_0006 -->
  <testcase name="easypaylogin_Password_BlankValidation_0007" time="0.0" classname="in.easypay.generictest.LoginLogouteasypaytest">
    <ignored/>
  </testcase> <!-- easypaylogin_Password_BlankValidation_0007 -->
  <testcase name="easypaylogin_BlankValidation_0005" time="0.0" classname="in.easypay.generictest.LoginLogouteasypaytest">
    <ignored/>
  </testcase> <!-- easypaylogin_BlankValidation_0005 -->
  <testcase name="easyPay_Invalid_Password_0003" time="0.0" classname="in.easypay.generictest.LoginLogouteasypaytest">
    <ignored/>
  </testcase> <!-- easyPay_Invalid_Password_0003 -->
</testsuite> <!-- LoginLogouteasypay(failed)(failed) -->
