<html>
<head>
<title>TestNG:  PhoenixLoginLogout-Test</title>
<link href="../testng.css" rel="stylesheet" type="text/css" />
<link href="../my-testng.css" rel="stylesheet" type="text/css" />

<style type="text/css">
.log { display: none;} 
.stack-trace { display: none;} 
</style>
<script type="text/javascript">
<!--
function flip(e) {
  current = e.style.display;
  if (current == 'block') {
    e.style.display = 'none';
    return 0;
  }
  else {
    e.style.display = 'block';
    return 1;
  }
}

function toggleBox(szDivId, elem, msg1, msg2)
{
  var res = -1;  if (document.getElementById) {
    res = flip(document.getElementById(szDivId));
  }
  else if (document.all) {
    // this is the way old msie versions work
    res = flip(document.all[szDivId]);
  }
  if(elem) {
    if(res == 0) elem.innerHTML = msg1; else elem.innerHTML = msg2;
  }

}

function toggleAllBoxes() {
  if (document.getElementsByTagName) {
    d = document.getElementsByTagName('div');
    for (i = 0; i < d.length; i++) {
      if (d[i].className == 'log') {
        flip(d[i]);
      }
    }
  }
}

// -->
</script>

</head>
<body>
<h2 align='center'>PhoenixLoginLogout-Test</h2><table border='1' align="center">
<tr>
<td>Tests passed/Failed/Skipped:</td><td>0/0/6</td>
</tr><tr>
<td>Started on:</td><td>Mon Feb 18 17:47:19 IST 2019</td>
</tr>
<tr><td>Total time:</td><td>0 seconds (29 ms)</td>
</tr><tr>
<td>Included groups:</td><td></td>
</tr><tr>
<td>Excluded groups:</td><td></td>
</tr>
</table><p/>
<small><i>(Hover the method name to see the test class name)</i></small><p/>
<table width='100%' border='1' class='invocation-failed'>
<tr><td colspan='4' align='center'><b>FAILED CONFIGURATIONS</b></td></tr>
<tr><td><b>Test method</b></td>
<td width="30%"><b>Exception</b></td>
<td width="10%"><b>Time (seconds)</b></td>
<td><b>Instance</b></td>
</tr>
<tr>
<td title='in.dishtv.Phoenix.PhoenixLoginLogoutTest.launchBrowser()'><b>launchBrowser</b><br>Test class: in.dishtv.Phoenix.PhoenixLoginLogoutTest</td>
<td><div><pre>org.testng.TestNGException: 
Parameter &apos;browser&apos; is required by BeforeSuite on method launchBrowser but has not been marked @Optional or defined
in F:\DishTV\suitefiles\PhoenixLoginLogoutTest.xml
... Removed 17 stack frames</pre></div><a href='#' onClick='toggleBox("stack-trace1223867739", this, "Click to show all stack frames", "Click to hide stack frames")'>Click to show all stack frames</a>
<div class='stack-trace' id='stack-trace1223867739'><pre>org.testng.TestNGException: 
Parameter &apos;browser&apos; is required by BeforeSuite on method launchBrowser but has not been marked @Optional or defined
in F:\DishTV\suitefiles\PhoenixLoginLogoutTest.xml
	at org.testng.internal.Parameters.createParams(Parameters.java:290)
	at org.testng.internal.Parameters.createParametersForMethod(Parameters.java:359)
	at org.testng.internal.Parameters.createParameters(Parameters.java:620)
	at org.testng.internal.Parameters.createConfigurationParameters(Parameters.java:190)
	at org.testng.internal.Invoker.invokeConfigurations(Invoker.java:209)
	at org.testng.internal.Invoker.invokeConfigurations(Invoker.java:142)
	at org.testng.SuiteRunner.privateRun(SuiteRunner.java:401)
	at org.testng.SuiteRunner.run(SuiteRunner.java:364)
	at org.testng.SuiteRunnerWorker.runSuite(SuiteRunnerWorker.java:52)
	at org.testng.SuiteRunnerWorker.run(SuiteRunnerWorker.java:84)
	at org.testng.TestNG.runSuitesSequentially(TestNG.java:1208)
	at org.testng.TestNG.runSuitesLocally(TestNG.java:1137)
	at org.testng.TestNG.runSuites(TestNG.java:1049)
	at org.testng.TestNG.run(TestNG.java:1017)
	at org.testng.remote.AbstractRemoteTestNG.run(AbstractRemoteTestNG.java:114)
	at org.testng.remote.RemoteTestNG.initAndRun(RemoteTestNG.java:251)
	at org.testng.remote.RemoteTestNG.main(RemoteTestNG.java:77)
</pre></div></td>
<td>0</td>
<td>in.dishtv.Phoenix.PhoenixLoginLogoutTest@6c64cb25</td></tr>
</table><p>
<table width='100%' border='1' class='invocation-skipped'>
<tr><td colspan='4' align='center'><b>SKIPPED CONFIGURATIONS</b></td></tr>
<tr><td><b>Test method</b></td>
<td width="30%"><b>Exception</b></td>
<td width="10%"><b>Time (seconds)</b></td>
<td><b>Instance</b></td>
</tr>
<tr>
<td title='in.dishtv.Phoenix.PhoenixLoginLogoutTest.resultAnalysis()'><b>resultAnalysis</b><br>Test class: in.dishtv.Phoenix.PhoenixLoginLogoutTest</td>
<td></td>
<td>0</td>
<td>in.dishtv.Phoenix.PhoenixLoginLogoutTest@6c64cb25</td></tr>
<tr>
<td title='in.dishtv.Phoenix.PhoenixLoginLogoutTest.resultAnalysis()'><b>resultAnalysis</b><br>Test class: in.dishtv.Phoenix.PhoenixLoginLogoutTest</td>
<td></td>
<td>0</td>
<td>in.dishtv.Phoenix.PhoenixLoginLogoutTest@6c64cb25</td></tr>
<tr>
<td title='in.dishtv.Phoenix.PhoenixLoginLogoutTest.resultAnalysis()'><b>resultAnalysis</b><br>Test class: in.dishtv.Phoenix.PhoenixLoginLogoutTest</td>
<td></td>
<td>0</td>
<td>in.dishtv.Phoenix.PhoenixLoginLogoutTest@6c64cb25</td></tr>
<tr>
<td title='in.dishtv.Phoenix.PhoenixLoginLogoutTest.resultAnalysis()'><b>resultAnalysis</b><br>Test class: in.dishtv.Phoenix.PhoenixLoginLogoutTest</td>
<td></td>
<td>0</td>
<td>in.dishtv.Phoenix.PhoenixLoginLogoutTest@6c64cb25</td></tr>
<tr>
<td title='in.dishtv.Phoenix.PhoenixLoginLogoutTest.resultAnalysis()'><b>resultAnalysis</b><br>Test class: in.dishtv.Phoenix.PhoenixLoginLogoutTest</td>
<td></td>
<td>0</td>
<td>in.dishtv.Phoenix.PhoenixLoginLogoutTest@6c64cb25</td></tr>
<tr>
<td title='in.dishtv.Phoenix.PhoenixLoginLogoutTest.resultAnalysis()'><b>resultAnalysis</b><br>Test class: in.dishtv.Phoenix.PhoenixLoginLogoutTest</td>
<td></td>
<td>0</td>
<td>in.dishtv.Phoenix.PhoenixLoginLogoutTest@6c64cb25</td></tr>
</table><p>
<table width='100%' border='1' class='invocation-skipped'>
<tr><td colspan='4' align='center'><b>SKIPPED TESTS</b></td></tr>
<tr><td><b>Test method</b></td>
<td width="30%"><b>Exception</b></td>
<td width="10%"><b>Time (seconds)</b></td>
<td><b>Instance</b></td>
</tr>
<tr>
<td title='in.dishtv.Phoenix.PhoenixLoginLogoutTest.phoenixLoginBlankValidation()'><b>phoenixLoginBlankValidation</b><br>Test class: in.dishtv.Phoenix.PhoenixLoginLogoutTest</td>
<td><div><pre>org.testng.TestNGException: 
Parameter &apos;browser&apos; is required by BeforeSuite on method launchBrowser but has not been marked @Optional or defined
in F:\DishTV\suitefiles\PhoenixLoginLogoutTest.xml
... Removed 17 stack frames</pre></div><a href='#' onClick='toggleBox("stack-trace1971764991", this, "Click to show all stack frames", "Click to hide stack frames")'>Click to show all stack frames</a>
<div class='stack-trace' id='stack-trace1971764991'><pre>org.testng.TestNGException: 
Parameter &apos;browser&apos; is required by BeforeSuite on method launchBrowser but has not been marked @Optional or defined
in F:\DishTV\suitefiles\PhoenixLoginLogoutTest.xml
	at org.testng.internal.Parameters.createParams(Parameters.java:290)
	at org.testng.internal.Parameters.createParametersForMethod(Parameters.java:359)
	at org.testng.internal.Parameters.createParameters(Parameters.java:620)
	at org.testng.internal.Parameters.createConfigurationParameters(Parameters.java:190)
	at org.testng.internal.Invoker.invokeConfigurations(Invoker.java:209)
	at org.testng.internal.Invoker.invokeConfigurations(Invoker.java:142)
	at org.testng.SuiteRunner.privateRun(SuiteRunner.java:401)
	at org.testng.SuiteRunner.run(SuiteRunner.java:364)
	at org.testng.SuiteRunnerWorker.runSuite(SuiteRunnerWorker.java:52)
	at org.testng.SuiteRunnerWorker.run(SuiteRunnerWorker.java:84)
	at org.testng.TestNG.runSuitesSequentially(TestNG.java:1208)
	at org.testng.TestNG.runSuitesLocally(TestNG.java:1137)
	at org.testng.TestNG.runSuites(TestNG.java:1049)
	at org.testng.TestNG.run(TestNG.java:1017)
	at org.testng.remote.AbstractRemoteTestNG.run(AbstractRemoteTestNG.java:114)
	at org.testng.remote.RemoteTestNG.initAndRun(RemoteTestNG.java:251)
	at org.testng.remote.RemoteTestNG.main(RemoteTestNG.java:77)
</pre></div></td>
<td>0</td>
<td>in.dishtv.Phoenix.PhoenixLoginLogoutTest@6c64cb25</td></tr>
<tr>
<td title='in.dishtv.Phoenix.PhoenixLoginLogoutTest.phoenixLoginInValidUseridInvalidPassword()'><b>phoenixLoginInValidUseridInvalidPassword</b><br>Test class: in.dishtv.Phoenix.PhoenixLoginLogoutTest</td>
<td><div><pre>org.testng.TestNGException: 
Parameter &apos;browser&apos; is required by BeforeSuite on method launchBrowser but has not been marked @Optional or defined
in F:\DishTV\suitefiles\PhoenixLoginLogoutTest.xml
... Removed 17 stack frames</pre></div><a href='#' onClick='toggleBox("stack-trace1732502545", this, "Click to show all stack frames", "Click to hide stack frames")'>Click to show all stack frames</a>
<div class='stack-trace' id='stack-trace1732502545'><pre>org.testng.TestNGException: 
Parameter &apos;browser&apos; is required by BeforeSuite on method launchBrowser but has not been marked @Optional or defined
in F:\DishTV\suitefiles\PhoenixLoginLogoutTest.xml
	at org.testng.internal.Parameters.createParams(Parameters.java:290)
	at org.testng.internal.Parameters.createParametersForMethod(Parameters.java:359)
	at org.testng.internal.Parameters.createParameters(Parameters.java:620)
	at org.testng.internal.Parameters.createConfigurationParameters(Parameters.java:190)
	at org.testng.internal.Invoker.invokeConfigurations(Invoker.java:209)
	at org.testng.internal.Invoker.invokeConfigurations(Invoker.java:142)
	at org.testng.SuiteRunner.privateRun(SuiteRunner.java:401)
	at org.testng.SuiteRunner.run(SuiteRunner.java:364)
	at org.testng.SuiteRunnerWorker.runSuite(SuiteRunnerWorker.java:52)
	at org.testng.SuiteRunnerWorker.run(SuiteRunnerWorker.java:84)
	at org.testng.TestNG.runSuitesSequentially(TestNG.java:1208)
	at org.testng.TestNG.runSuitesLocally(TestNG.java:1137)
	at org.testng.TestNG.runSuites(TestNG.java:1049)
	at org.testng.TestNG.run(TestNG.java:1017)
	at org.testng.remote.AbstractRemoteTestNG.run(AbstractRemoteTestNG.java:114)
	at org.testng.remote.RemoteTestNG.initAndRun(RemoteTestNG.java:251)
	at org.testng.remote.RemoteTestNG.main(RemoteTestNG.java:77)
</pre></div></td>
<td>0</td>
<td>in.dishtv.Phoenix.PhoenixLoginLogoutTest@6c64cb25</td></tr>
<tr>
<td title='in.dishtv.Phoenix.PhoenixLoginLogoutTest.phoenixLoginInValidUseridInvalidPassword()'><b>phoenixLoginInValidUseridInvalidPassword</b><br>Test class: in.dishtv.Phoenix.PhoenixLoginLogoutTest</td>
<td><div><pre>org.testng.TestNGException: 
Parameter &apos;browser&apos; is required by BeforeSuite on method launchBrowser but has not been marked @Optional or defined
in F:\DishTV\suitefiles\PhoenixLoginLogoutTest.xml
... Removed 17 stack frames</pre></div><a href='#' onClick='toggleBox("stack-trace1199262943", this, "Click to show all stack frames", "Click to hide stack frames")'>Click to show all stack frames</a>
<div class='stack-trace' id='stack-trace1199262943'><pre>org.testng.TestNGException: 
Parameter &apos;browser&apos; is required by BeforeSuite on method launchBrowser but has not been marked @Optional or defined
in F:\DishTV\suitefiles\PhoenixLoginLogoutTest.xml
	at org.testng.internal.Parameters.createParams(Parameters.java:290)
	at org.testng.internal.Parameters.createParametersForMethod(Parameters.java:359)
	at org.testng.internal.Parameters.createParameters(Parameters.java:620)
	at org.testng.internal.Parameters.createConfigurationParameters(Parameters.java:190)
	at org.testng.internal.Invoker.invokeConfigurations(Invoker.java:209)
	at org.testng.internal.Invoker.invokeConfigurations(Invoker.java:142)
	at org.testng.SuiteRunner.privateRun(SuiteRunner.java:401)
	at org.testng.SuiteRunner.run(SuiteRunner.java:364)
	at org.testng.SuiteRunnerWorker.runSuite(SuiteRunnerWorker.java:52)
	at org.testng.SuiteRunnerWorker.run(SuiteRunnerWorker.java:84)
	at org.testng.TestNG.runSuitesSequentially(TestNG.java:1208)
	at org.testng.TestNG.runSuitesLocally(TestNG.java:1137)
	at org.testng.TestNG.runSuites(TestNG.java:1049)
	at org.testng.TestNG.run(TestNG.java:1017)
	at org.testng.remote.AbstractRemoteTestNG.run(AbstractRemoteTestNG.java:114)
	at org.testng.remote.RemoteTestNG.initAndRun(RemoteTestNG.java:251)
	at org.testng.remote.RemoteTestNG.main(RemoteTestNG.java:77)
</pre></div></td>
<td>0</td>
<td>in.dishtv.Phoenix.PhoenixLoginLogoutTest@6c64cb25</td></tr>
<tr>
<td title='in.dishtv.Phoenix.PhoenixLoginLogoutTest.phoenixLoginInvalidUseridValidPassword()'><b>phoenixLoginInvalidUseridValidPassword</b><br>Test class: in.dishtv.Phoenix.PhoenixLoginLogoutTest</td>
<td><div><pre>org.testng.TestNGException: 
Parameter &apos;browser&apos; is required by BeforeSuite on method launchBrowser but has not been marked @Optional or defined
in F:\DishTV\suitefiles\PhoenixLoginLogoutTest.xml
... Removed 17 stack frames</pre></div><a href='#' onClick='toggleBox("stack-trace257513673", this, "Click to show all stack frames", "Click to hide stack frames")'>Click to show all stack frames</a>
<div class='stack-trace' id='stack-trace257513673'><pre>org.testng.TestNGException: 
Parameter &apos;browser&apos; is required by BeforeSuite on method launchBrowser but has not been marked @Optional or defined
in F:\DishTV\suitefiles\PhoenixLoginLogoutTest.xml
	at org.testng.internal.Parameters.createParams(Parameters.java:290)
	at org.testng.internal.Parameters.createParametersForMethod(Parameters.java:359)
	at org.testng.internal.Parameters.createParameters(Parameters.java:620)
	at org.testng.internal.Parameters.createConfigurationParameters(Parameters.java:190)
	at org.testng.internal.Invoker.invokeConfigurations(Invoker.java:209)
	at org.testng.internal.Invoker.invokeConfigurations(Invoker.java:142)
	at org.testng.SuiteRunner.privateRun(SuiteRunner.java:401)
	at org.testng.SuiteRunner.run(SuiteRunner.java:364)
	at org.testng.SuiteRunnerWorker.runSuite(SuiteRunnerWorker.java:52)
	at org.testng.SuiteRunnerWorker.run(SuiteRunnerWorker.java:84)
	at org.testng.TestNG.runSuitesSequentially(TestNG.java:1208)
	at org.testng.TestNG.runSuitesLocally(TestNG.java:1137)
	at org.testng.TestNG.runSuites(TestNG.java:1049)
	at org.testng.TestNG.run(TestNG.java:1017)
	at org.testng.remote.AbstractRemoteTestNG.run(AbstractRemoteTestNG.java:114)
	at org.testng.remote.RemoteTestNG.initAndRun(RemoteTestNG.java:251)
	at org.testng.remote.RemoteTestNG.main(RemoteTestNG.java:77)
</pre></div></td>
<td>0</td>
<td>in.dishtv.Phoenix.PhoenixLoginLogoutTest@6c64cb25</td></tr>
<tr>
<td title='in.dishtv.Phoenix.PhoenixLoginLogoutTest.phoenixLoginValidUseridInvalidPassword()'><b>phoenixLoginValidUseridInvalidPassword</b><br>Test class: in.dishtv.Phoenix.PhoenixLoginLogoutTest</td>
<td><div><pre>org.testng.TestNGException: 
Parameter &apos;browser&apos; is required by BeforeSuite on method launchBrowser but has not been marked @Optional or defined
in F:\DishTV\suitefiles\PhoenixLoginLogoutTest.xml
... Removed 17 stack frames</pre></div><a href='#' onClick='toggleBox("stack-trace1052195003", this, "Click to show all stack frames", "Click to hide stack frames")'>Click to show all stack frames</a>
<div class='stack-trace' id='stack-trace1052195003'><pre>org.testng.TestNGException: 
Parameter &apos;browser&apos; is required by BeforeSuite on method launchBrowser but has not been marked @Optional or defined
in F:\DishTV\suitefiles\PhoenixLoginLogoutTest.xml
	at org.testng.internal.Parameters.createParams(Parameters.java:290)
	at org.testng.internal.Parameters.createParametersForMethod(Parameters.java:359)
	at org.testng.internal.Parameters.createParameters(Parameters.java:620)
	at org.testng.internal.Parameters.createConfigurationParameters(Parameters.java:190)
	at org.testng.internal.Invoker.invokeConfigurations(Invoker.java:209)
	at org.testng.internal.Invoker.invokeConfigurations(Invoker.java:142)
	at org.testng.SuiteRunner.privateRun(SuiteRunner.java:401)
	at org.testng.SuiteRunner.run(SuiteRunner.java:364)
	at org.testng.SuiteRunnerWorker.runSuite(SuiteRunnerWorker.java:52)
	at org.testng.SuiteRunnerWorker.run(SuiteRunnerWorker.java:84)
	at org.testng.TestNG.runSuitesSequentially(TestNG.java:1208)
	at org.testng.TestNG.runSuitesLocally(TestNG.java:1137)
	at org.testng.TestNG.runSuites(TestNG.java:1049)
	at org.testng.TestNG.run(TestNG.java:1017)
	at org.testng.remote.AbstractRemoteTestNG.run(AbstractRemoteTestNG.java:114)
	at org.testng.remote.RemoteTestNG.initAndRun(RemoteTestNG.java:251)
	at org.testng.remote.RemoteTestNG.main(RemoteTestNG.java:77)
</pre></div></td>
<td>0</td>
<td>in.dishtv.Phoenix.PhoenixLoginLogoutTest@6c64cb25</td></tr>
<tr>
<td title='in.dishtv.Phoenix.PhoenixLoginLogoutTest.phoenixLoginValidUseridValidPassword()'><b>phoenixLoginValidUseridValidPassword</b><br>Test class: in.dishtv.Phoenix.PhoenixLoginLogoutTest</td>
<td><div><pre>org.testng.TestNGException: 
Parameter &apos;browser&apos; is required by BeforeSuite on method launchBrowser but has not been marked @Optional or defined
in F:\DishTV\suitefiles\PhoenixLoginLogoutTest.xml
... Removed 17 stack frames</pre></div><a href='#' onClick='toggleBox("stack-trace511707818", this, "Click to show all stack frames", "Click to hide stack frames")'>Click to show all stack frames</a>
<div class='stack-trace' id='stack-trace511707818'><pre>org.testng.TestNGException: 
Parameter &apos;browser&apos; is required by BeforeSuite on method launchBrowser but has not been marked @Optional or defined
in F:\DishTV\suitefiles\PhoenixLoginLogoutTest.xml
	at org.testng.internal.Parameters.createParams(Parameters.java:290)
	at org.testng.internal.Parameters.createParametersForMethod(Parameters.java:359)
	at org.testng.internal.Parameters.createParameters(Parameters.java:620)
	at org.testng.internal.Parameters.createConfigurationParameters(Parameters.java:190)
	at org.testng.internal.Invoker.invokeConfigurations(Invoker.java:209)
	at org.testng.internal.Invoker.invokeConfigurations(Invoker.java:142)
	at org.testng.SuiteRunner.privateRun(SuiteRunner.java:401)
	at org.testng.SuiteRunner.run(SuiteRunner.java:364)
	at org.testng.SuiteRunnerWorker.runSuite(SuiteRunnerWorker.java:52)
	at org.testng.SuiteRunnerWorker.run(SuiteRunnerWorker.java:84)
	at org.testng.TestNG.runSuitesSequentially(TestNG.java:1208)
	at org.testng.TestNG.runSuitesLocally(TestNG.java:1137)
	at org.testng.TestNG.runSuites(TestNG.java:1049)
	at org.testng.TestNG.run(TestNG.java:1017)
	at org.testng.remote.AbstractRemoteTestNG.run(AbstractRemoteTestNG.java:114)
	at org.testng.remote.RemoteTestNG.initAndRun(RemoteTestNG.java:251)
	at org.testng.remote.RemoteTestNG.main(RemoteTestNG.java:77)
</pre></div></td>
<td>0</td>
<td>in.dishtv.Phoenix.PhoenixLoginLogoutTest@6c64cb25</td></tr>
</table><p>
</body>
</html>