<?xml version="1.0" encoding="UTF-8"?>
<!-- Generated by org.testng.reporters.JUnitXMLReporter -->
<testsuite hostname="WEB-SANTOSHB" ignored="1" name="PhoenixLoginLogout-Test" tests="6" failures="0" timestamp="18 Feb 2019 12:17:19 GMT" time="0.029" errors="0">
  <testcase name="@BeforeSuite launchBrowser" time="0.0" classname="in.dishtv.library.BaseLibrary">
    <failure type="org.testng.TestNGException" message="
Parameter &amp;apos;browser&amp;apos; is required by BeforeSuite on method launchBrowser but has not been marked @Optional or defined
in F:\DishTV\suitefiles\PhoenixLoginLogoutTest.xml">
      <![CDATA[org.testng.TestNGException: 
Parameter 'browser' is required by BeforeSuite on method launchBrowser but has not been marked @Optional or defined
in F:\DishTV\suitefiles\PhoenixLoginLogoutTest.xml
... Removed 17 stack frames]]>
    </failure>
  </testcase> <!-- @BeforeSuite launchBrowser -->
  <testcase name="@AfterMethod resultAnalysis" time="0.0" classname="in.dishtv.library.BaseLibrary">
    <skipped/>
  </testcase> <!-- @AfterMethod resultAnalysis -->
  <testcase name="@AfterMethod resultAnalysis" time="0.0" classname="in.dishtv.library.BaseLibrary">
    <skipped/>
  </testcase> <!-- @AfterMethod resultAnalysis -->
  <testcase name="@AfterMethod resultAnalysis" time="0.0" classname="in.dishtv.library.BaseLibrary">
    <skipped/>
  </testcase> <!-- @AfterMethod resultAnalysis -->
  <testcase name="@AfterMethod resultAnalysis" time="0.0" classname="in.dishtv.library.BaseLibrary">
    <skipped/>
  </testcase> <!-- @AfterMethod resultAnalysis -->
  <testcase name="@AfterMethod resultAnalysis" time="0.0" classname="in.dishtv.library.BaseLibrary">
    <skipped/>
  </testcase> <!-- @AfterMethod resultAnalysis -->
  <testcase name="@AfterMethod resultAnalysis" time="0.0" classname="in.dishtv.library.BaseLibrary">
    <skipped/>
  </testcase> <!-- @AfterMethod resultAnalysis -->
  <testcase name="phoenixLoginBlankValidation" time="0.0" classname="in.dishtv.Phoenix.PhoenixLoginLogoutTest">
    <skipped/>
  </testcase> <!-- phoenixLoginBlankValidation -->
  <testcase name="phoenixLoginInValidUseridInvalidPassword" time="0.0" classname="in.dishtv.Phoenix.PhoenixLoginLogoutTest">
    <skipped/>
  </testcase> <!-- phoenixLoginInValidUseridInvalidPassword -->
  <testcase name="phoenixLoginInValidUseridInvalidPassword" time="0.0" classname="in.dishtv.Phoenix.PhoenixLoginLogoutTest">
    <skipped/>
  </testcase> <!-- phoenixLoginInValidUseridInvalidPassword -->
  <testcase name="phoenixLoginInvalidUseridValidPassword" time="0.0" classname="in.dishtv.Phoenix.PhoenixLoginLogoutTest">
    <skipped/>
  </testcase> <!-- phoenixLoginInvalidUseridValidPassword -->
  <testcase name="phoenixLoginValidUseridInvalidPassword" time="0.0" classname="in.dishtv.Phoenix.PhoenixLoginLogoutTest">
    <skipped/>
  </testcase> <!-- phoenixLoginValidUseridInvalidPassword -->
  <testcase name="phoenixLoginValidUseridValidPassword" time="0.0" classname="in.dishtv.Phoenix.PhoenixLoginLogoutTest">
    <skipped/>
  </testcase> <!-- phoenixLoginValidUseridValidPassword -->
  <testcase name="phoenixLogout" time="0.0" classname="in.dishtv.Phoenix.PhoenixLoginLogoutTest">
    <ignored/>
  </testcase> <!-- phoenixLogout -->
</testsuite> <!-- PhoenixLoginLogout-Test -->
