<?xml version="1.0" encoding="UTF-8"?>
<!-- Generated by org.testng.reporters.JUnitXMLReporter -->
<testsuite hostname="WEB-SANTOSHB" ignored="7" name="Easypay_Distributor_LandingTest" tests="2" failures="1" timestamp="29 Jan 2019 09:20:47 GMT" time="2.55" errors="0">
  <testcase name="Easy_Distributor_infomsg_closs" time="2.118" classname="in.easypay.generictest.Easypay_Distributor_LandingTest"/>
  <testcase name="Easy_Distributor_verify_tittle" time="0.037" classname="in.easypay.generictest.Easypay_Distributor_LandingTest">
    <failure type="java.lang.AssertionError" message="We are not in Login Page:::Title Mistatch::: expected [true] but found [false]">
      <![CDATA[java.lang.AssertionError: We are not in Login Page:::Title Mistatch::: expected [true] but found [false]
at in.easypay.generictest.Easypay_Distributor_LandingTest.Easy_Distributor_verify_tittle(Easypay_Distributor_LandingTest.java:31)
... Removed 28 stack frames]]>
    </failure>
  </testcase> <!-- Easy_Distributor_verify_tittle -->
  <testcase name="Easy_Distributor_verify_Transaction_Summery" time="0.0" classname="in.easypay.generictest.Easypay_Distributor_LandingTest">
    <ignored/>
  </testcase> <!-- Easy_Distributor_verify_Transaction_Summery -->
  <testcase name="Easy_Distributor_verify_Distributor_ID" time="0.0" classname="in.easypay.generictest.Easypay_Distributor_LandingTest">
    <ignored/>
  </testcase> <!-- Easy_Distributor_verify_Distributor_ID -->
  <testcase name="Easy_Distributor_verify_SOF_Summery" time="0.0" classname="in.easypay.generictest.Easypay_Distributor_LandingTest">
    <ignored/>
  </testcase> <!-- Easy_Distributor_verify_SOF_Summery -->
  <testcase name="Easy_Distributor_verify_BankDetails" time="0.0" classname="in.easypay.generictest.Easypay_Distributor_LandingTest">
    <ignored/>
  </testcase> <!-- Easy_Distributor_verify_BankDetails -->
  <testcase name="Easy_Distributor_verify_FOS_Summery" time="0.0" classname="in.easypay.generictest.Easypay_Distributor_LandingTest">
    <ignored/>
  </testcase> <!-- Easy_Distributor_verify_FOS_Summery -->
  <testcase name="Easy_Distributor_verify_Account_Summery" time="0.0" classname="in.easypay.generictest.Easypay_Distributor_LandingTest">
    <ignored/>
  </testcase> <!-- Easy_Distributor_verify_Account_Summery -->
  <testcase name="Easy_Distributor_verify_Dealer_Summery" time="0.0" classname="in.easypay.generictest.Easypay_Distributor_LandingTest">
    <ignored/>
  </testcase> <!-- Easy_Distributor_verify_Dealer_Summery -->
</testsuite> <!-- Easypay_Distributor_LandingTest -->
